<?xml version="1.0" encoding="UTF-8"?>
<!-- Generated by org.testng.reporters.JUnitReportReporter -->
<testsuite skipped="0" hostname="DESKTOP-MC2LVVL" name="qaclickacademy.SeleniumTest" tests="2" failures="0" timestamp="20 May 2022 05:56:10 GMT" time="0.001" errors="0">
  <testcase name="browserAutomatio" time="0.001" classname="qaclickacademy.SeleniumTest"/>
  <testcase name="elements" time="0.000" classname="qaclickacademy.SeleniumTest"/>
</testsuite> <!-- qaclickacademy.SeleniumTest -->
