<?xml version="1.0" encoding="UTF-8"?>
<!-- Generated by org.testng.reporters.JUnitReportReporter -->
<testsuite skipped="0" hostname="DESKTOP-MC2LVVL" name="qaclickacademy.AppiumTest" tests="2" failures="0" timestamp="20 May 2022 05:56:10 GMT" time="0.051" errors="0">
  <testcase name="nativeApAndroid" time="0.001" classname="qaclickacademy.AppiumTest"/>
  <testcase name="iOSApp" time="0.050" classname="qaclickacademy.AppiumTest"/>
</testsuite> <!-- qaclickacademy.AppiumTest -->
